<?xml version="1.0" encoding="UTF-8"?>
<testng-results ignored="0" total="1" passed="1" failed="0" skipped="0">
  <reporter-output>
  </reporter-output>
  <suite started-at="2024-10-24T15:14:07 IST" name="Default suite" finished-at="2024-10-24T15:14:18 IST" duration-ms="10623">
    <groups>
    </groups>
    <test started-at="2024-10-24T15:14:07 IST" name="Default test" finished-at="2024-10-24T15:14:18 IST" duration-ms="10623">
      <class name="practicee.VtigerCrm">
        <test-method signature="dropdown()[pri:0, instance:practicee.VtigerCrm@f6efaab]" started-at="2024-10-24T15:14:07 IST" name="dropdown" finished-at="2024-10-24T15:14:18 IST" duration-ms="10568" status="PASS">
          <reporter-output>
          </reporter-output>
        </test-method> <!-- dropdown -->
      </class> <!-- practicee.VtigerCrm -->
    </test> <!-- Default test -->
  </suite> <!-- Default suite -->
</testng-results>
